2025-09-26 07:54:13,387 - root - INFO - Logging initialized. Level: INFO
2025-09-26 07:54:13,387 - root - INFO - Log file: logs\app_manager_20250926_075413.log
2025-09-26 07:54:13,387 - __main__ - INFO - Configuration:
2025-09-26 07:54:13,387 - __main__ - INFO - ------------------------------
2025-09-26 07:54:13,388 - __main__ - INFO -   app_name: Notepad
2025-09-26 07:54:13,388 - __main__ - INFO -   icon_template_path: assets/notepad_icon.png
2025-09-26 07:54:13,388 - __main__ - INFO -   app_path: C:\Windows\System32\notepad.exe
2025-09-26 07:54:13,388 - __main__ - INFO -   process_name: notepad.exe
2025-09-26 07:54:13,389 - __main__ - INFO -   max_retries: 5
2025-09-26 07:54:13,389 - __main__ - INFO - ------------------------------
2025-09-26 07:54:13,389 - __main__ - INFO - Initializing Application Manager Bot...
2025-09-26 07:54:13,390 - bot.application_bot - ERROR - Failed to load icon template: assets/notepad_icon.png
2025-09-26 07:54:13,390 - bot.application_bot - INFO - Bot initialized for application: Notepad (process: notepad.exe)
2025-09-26 07:54:13,390 - __main__ - INFO - Creating orchestrator...
2025-09-26 07:54:13,390 - orchestrator.application_orchestrator - INFO - Orchestrator initialized
2025-09-26 07:54:13,390 - __main__ - INFO - Starting automated sequence...
2025-09-26 07:54:13,390 - orchestrator.application_orchestrator - INFO - ==================================================
2025-09-26 07:54:13,391 - orchestrator.application_orchestrator - INFO - STARTING APPLICATION MANAGEMENT SEQUENCE
2025-09-26 07:54:13,391 - orchestrator.application_orchestrator - INFO - ==================================================
2025-09-26 07:54:13,391 - orchestrator.application_orchestrator - INFO - ==============================
2025-09-26 07:54:13,391 - orchestrator.application_orchestrator - INFO - Step 1: Checking if application is open
2025-09-26 07:54:13,707 - bot.application_bot - INFO - Process 'notepad.exe' is not running
2025-09-26 07:54:13,707 - orchestrator.application_orchestrator - INFO - Step 1.1: Application not open, attempting to open...
2025-09-26 07:54:13,707 - orchestrator.application_orchestrator - INFO - Opening attempt 1/5
2025-09-26 07:54:13,767 - bot.application_bot - INFO - Launched application: C:\Windows\System32\notepad.exe
2025-09-26 07:54:18,774 - bot.application_bot - INFO - Process 'notepad.exe' found with PID: 25644
2025-09-26 07:54:18,774 - bot.application_bot - INFO - Application window 'Notepad' found and linked
2025-09-26 07:54:18,801 - orchestrator.application_orchestrator - INFO - ==============================
2025-09-26 07:54:18,801 - orchestrator.application_orchestrator - INFO - Step 2: Maximizing application
2025-09-26 07:54:19,102 - bot.application_bot - INFO - Successfully brought application to foreground
2025-09-26 07:54:19,127 - bot.application_bot - INFO - Application window maximized
2025-09-26 07:54:19,630 - orchestrator.application_orchestrator - INFO - ==============================
2025-09-26 07:54:19,630 - orchestrator.application_orchestrator - INFO - Step 3: Verifying application state
2025-09-26 07:54:19,631 - orchestrator.application_orchestrator - INFO - Step 3.1: Visual verification of open state
2025-09-26 07:54:19,631 - bot.application_bot - WARNING - No icon template configured for visual verification
2025-09-26 07:54:19,631 - orchestrator.application_orchestrator - INFO - Step 3.2: Checking maximized state
2025-09-26 07:54:19,631 - bot.application_bot - INFO - Window dimensions indicate maximized state
2025-09-26 07:54:19,633 - orchestrator.application_orchestrator - INFO - ==============================
2025-09-26 07:54:19,633 - orchestrator.application_orchestrator - INFO - Final verification...
2025-09-26 07:54:19,633 - orchestrator.application_orchestrator - INFO - ==================================================
2025-09-26 07:54:19,637 - orchestrator.application_orchestrator - INFO - ==================================================
2025-09-26 07:54:19,643 - bot.application_bot - INFO - Process 'notepad.exe' found with PID: 25644
2025-09-26 07:54:19,644 - bot.application_bot - INFO - Application window 'Notepad' found and linked
2025-09-26 07:54:19,644 - bot.application_bot - INFO - Window dimensions indicate maximized state
